/workspace/DDA4220/DDA4220Assignment1/assignment1_coding/models/_base_network.py:98: RuntimeWarning: overflow encountered in exp
  out = 1 / (1 + np.exp(-X))
Loading training data...
Training data loaded with 60000 images
Loading testing data...
Testing data loaded with 10000 images
Evaluate: [0/157]	Batch Accuracy 0.9844	
Evaluate: [1/157]	Batch Accuracy 0.9375	
Evaluate: [2/157]	Batch Accuracy 0.9844	
Evaluate: [3/157]	Batch Accuracy 0.9375	
Evaluate: [4/157]	Batch Accuracy 0.9688	
Evaluate: [5/157]	Batch Accuracy 0.9062	
Evaluate: [6/157]	Batch Accuracy 0.9688	
Evaluate: [7/157]	Batch Accuracy 0.9062	
Evaluate: [8/157]	Batch Accuracy 0.9531	
Evaluate: [9/157]	Batch Accuracy 0.9062	
Evaluate: [10/157]	Batch Accuracy 0.9531	
Evaluate: [11/157]	Batch Accuracy 0.9219	
Evaluate: [12/157]	Batch Accuracy 0.9844	
Evaluate: [13/157]	Batch Accuracy 0.9531	
Evaluate: [14/157]	Batch Accuracy 0.8750	
Evaluate: [15/157]	Batch Accuracy 0.9375	
Evaluate: [16/157]	Batch Accuracy 0.9219	
Evaluate: [17/157]	Batch Accuracy 0.9375	
Evaluate: [18/157]	Batch Accuracy 0.8906	
Evaluate: [19/157]	Batch Accuracy 0.8906	
Evaluate: [20/157]	Batch Accuracy 0.8750	
Evaluate: [21/157]	Batch Accuracy 0.9688	
Evaluate: [22/157]	Batch Accuracy 0.9219	
Evaluate: [23/157]	Batch Accuracy 0.8906	
Evaluate: [24/157]	Batch Accuracy 0.9219	
Evaluate: [25/157]	Batch Accuracy 0.9375	
Evaluate: [26/157]	Batch Accuracy 0.8906	
Evaluate: [27/157]	Batch Accuracy 0.9531	
Evaluate: [28/157]	Batch Accuracy 0.9688	
Evaluate: [29/157]	Batch Accuracy 0.9531	
Evaluate: [30/157]	Batch Accuracy 0.9375	
Evaluate: [31/157]	Batch Accuracy 0.8906	
Evaluate: [32/157]	Batch Accuracy 0.9375	
Evaluate: [33/157]	Batch Accuracy 0.9375	
Evaluate: [34/157]	Batch Accuracy 0.9219	
Evaluate: [35/157]	Batch Accuracy 0.9375	
Evaluate: [36/157]	Batch Accuracy 0.9688	
Evaluate: [37/157]	Batch Accuracy 0.8594	
Evaluate: [38/157]	Batch Accuracy 0.9688	
Evaluate: [39/157]	Batch Accuracy 0.9531	
Evaluate: [40/157]	Batch Accuracy 0.9062	
Evaluate: [41/157]	Batch Accuracy 0.9375	
Evaluate: [42/157]	Batch Accuracy 0.9688	
Evaluate: [43/157]	Batch Accuracy 0.9531	
Evaluate: [44/157]	Batch Accuracy 0.9375	
Evaluate: [45/157]	Batch Accuracy 0.9062	
Evaluate: [46/157]	Batch Accuracy 0.9375	
Evaluate: [47/157]	Batch Accuracy 0.9531	
Evaluate: [48/157]	Batch Accuracy 0.9219	
Evaluate: [49/157]	Batch Accuracy 0.9219	
Evaluate: [50/157]	Batch Accuracy 0.9688	
Evaluate: [51/157]	Batch Accuracy 0.9844	
Evaluate: [52/157]	Batch Accuracy 0.9375	
Evaluate: [53/157]	Batch Accuracy 0.9062	
Evaluate: [54/157]	Batch Accuracy 0.9688	
Evaluate: [55/157]	Batch Accuracy 0.9219	
Evaluate: [56/157]	Batch Accuracy 0.9531	
Evaluate: [57/157]	Batch Accuracy 0.9844	
Evaluate: [58/157]	Batch Accuracy 0.8750	
Evaluate: [59/157]	Batch Accuracy 0.8438	
Evaluate: [60/157]	Batch Accuracy 0.8750	
Evaluate: [61/157]	Batch Accuracy 0.9219	
Evaluate: [62/157]	Batch Accuracy 0.9219	
Evaluate: [63/157]	Batch Accuracy 0.9062	
Evaluate: [64/157]	Batch Accuracy 0.9219	
Evaluate: [65/157]	Batch Accuracy 0.8906	
Evaluate: [66/157]	Batch Accuracy 0.9219	
Evaluate: [67/157]	Batch Accuracy 0.9219	
Evaluate: [68/157]	Batch Accuracy 0.9062	
Evaluate: [69/157]	Batch Accuracy 0.9219	
Evaluate: [70/157]	Batch Accuracy 0.8906	
Evaluate: [71/157]	Batch Accuracy 0.9375	
Evaluate: [72/157]	Batch Accuracy 0.9688	
Evaluate: [73/157]	Batch Accuracy 0.9531	
Evaluate: [74/157]	Batch Accuracy 0.9531	
Evaluate: [75/157]	Batch Accuracy 0.9375	
Evaluate: [76/157]	Batch Accuracy 0.8906	
Evaluate: [77/157]	Batch Accuracy 0.9062	
Evaluate: [78/157]	Batch Accuracy 1.0000	
Evaluate: [79/157]	Batch Accuracy 0.9688	
Evaluate: [80/157]	Batch Accuracy 0.9844	
Evaluate: [81/157]	Batch Accuracy 0.9688	
Evaluate: [82/157]	Batch Accuracy 1.0000	
Evaluate: [83/157]	Batch Accuracy 0.9844	
Evaluate: [84/157]	Batch Accuracy 1.0000	
Evaluate: [85/157]	Batch Accuracy 0.9844	
Evaluate: [86/157]	Batch Accuracy 1.0000	
Evaluate: [87/157]	Batch Accuracy 0.9688	
Evaluate: [88/157]	Batch Accuracy 0.9688	
Evaluate: [89/157]	Batch Accuracy 0.9688	
Evaluate: [90/157]	Batch Accuracy 0.9844	
Evaluate: [91/157]	Batch Accuracy 0.9062	
Evaluate: [92/157]	Batch Accuracy 0.8906	
Evaluate: [93/157]	Batch Accuracy 0.9219	
Evaluate: [94/157]	Batch Accuracy 0.8906	
Evaluate: [95/157]	Batch Accuracy 0.9531	
Evaluate: [96/157]	Batch Accuracy 0.9219	
Evaluate: [97/157]	Batch Accuracy 1.0000	
Evaluate: [98/157]	Batch Accuracy 1.0000	
Evaluate: [99/157]	Batch Accuracy 0.9688	
Evaluate: [100/157]	Batch Accuracy 0.9375	
Evaluate: [101/157]	Batch Accuracy 0.9844	
Evaluate: [102/157]	Batch Accuracy 0.9219	
Evaluate: [103/157]	Batch Accuracy 0.9062	
Evaluate: [104/157]	Batch Accuracy 1.0000	
Evaluate: [105/157]	Batch Accuracy 0.9531	
Evaluate: [106/157]	Batch Accuracy 0.9375	
Evaluate: [107/157]	Batch Accuracy 0.9844	
Evaluate: [108/157]	Batch Accuracy 0.9688	
Evaluate: [109/157]	Batch Accuracy 1.0000	
Evaluate: [110/157]	Batch Accuracy 1.0000	
Evaluate: [111/157]	Batch Accuracy 0.9688	
Evaluate: [112/157]	Batch Accuracy 1.0000	
Evaluate: [113/157]	Batch Accuracy 1.0000	
Evaluate: [114/157]	Batch Accuracy 0.9844	
Evaluate: [115/157]	Batch Accuracy 1.0000	
Evaluate: [116/157]	Batch Accuracy 0.9375	
Evaluate: [117/157]	Batch Accuracy 0.9688	
Evaluate: [118/157]	Batch Accuracy 1.0000	
Evaluate: [119/157]	Batch Accuracy 1.0000	
Evaluate: [120/157]	Batch Accuracy 0.9844	
Evaluate: [121/157]	Batch Accuracy 0.9688	
Evaluate: [122/157]	Batch Accuracy 0.9062	
Evaluate: [123/157]	Batch Accuracy 0.9375	
Evaluate: [124/157]	Batch Accuracy 0.9688	
Evaluate: [125/157]	Batch Accuracy 0.9688	
Evaluate: [126/157]	Batch Accuracy 0.9688	
Evaluate: [127/157]	Batch Accuracy 0.9844	
Evaluate: [128/157]	Batch Accuracy 1.0000	
Evaluate: [129/157]	Batch Accuracy 1.0000	
Evaluate: [130/157]	Batch Accuracy 0.9844	
Evaluate: [131/157]	Batch Accuracy 0.9688	
Evaluate: [132/157]	Batch Accuracy 0.9688	
Evaluate: [133/157]	Batch Accuracy 0.9688	
Evaluate: [134/157]	Batch Accuracy 1.0000	
Evaluate: [135/157]	Batch Accuracy 1.0000	
Evaluate: [136/157]	Batch Accuracy 1.0000	
Evaluate: [137/157]	Batch Accuracy 1.0000	
Evaluate: [138/157]	Batch Accuracy 0.9844	
Evaluate: [139/157]	Batch Accuracy 1.0000	
Evaluate: [140/157]	Batch Accuracy 0.9375	
Evaluate: [141/157]	Batch Accuracy 0.9375	
Evaluate: [142/157]	Batch Accuracy 1.0000	
Evaluate: [143/157]	Batch Accuracy 0.9531	
Evaluate: [144/157]	Batch Accuracy 0.9844	
Evaluate: [145/157]	Batch Accuracy 1.0000	
Evaluate: [146/157]	Batch Accuracy 1.0000	
Evaluate: [147/157]	Batch Accuracy 0.9688	
Evaluate: [148/157]	Batch Accuracy 0.9844	
Evaluate: [149/157]	Batch Accuracy 0.9688	
Evaluate: [150/157]	Batch Accuracy 0.9375	
Evaluate: [151/157]	Batch Accuracy 0.9062	
Evaluate: [152/157]	Batch Accuracy 0.8125	
Evaluate: [153/157]	Batch Accuracy 0.9375	
Evaluate: [154/157]	Batch Accuracy 0.8594	
Evaluate: [155/157]	Batch Accuracy 0.9219	
Evaluate: [156/157]	Batch Accuracy 1.0000	
Loading training data...
Training data loaded with 60000 images
Loading testing data...
Testing data loaded with 10000 images
Evaluate: [0/157]	Batch Accuracy 0.5312	
Evaluate: [1/157]	Batch Accuracy 0.6250	
Evaluate: [2/157]	Batch Accuracy 0.4844	
Evaluate: [3/157]	Batch Accuracy 0.5000	
Evaluate: [4/157]	Batch Accuracy 0.5625	
Evaluate: [5/157]	Batch Accuracy 0.5312	
Evaluate: [6/157]	Batch Accuracy 0.6562	
Evaluate: [7/157]	Batch Accuracy 0.5312	
Evaluate: [8/157]	Batch Accuracy 0.5000	
Evaluate: [9/157]	Batch Accuracy 0.5469	
Evaluate: [10/157]	Batch Accuracy 0.5000	
Evaluate: [11/157]	Batch Accuracy 0.4844	
Evaluate: [12/157]	Batch Accuracy 0.5938	
Evaluate: [13/157]	Batch Accuracy 0.5938	
Evaluate: [14/157]	Batch Accuracy 0.5156	
Evaluate: [15/157]	Batch Accuracy 0.6094	
Evaluate: [16/157]	Batch Accuracy 0.4844	
Evaluate: [17/157]	Batch Accuracy 0.4844	
Evaluate: [18/157]	Batch Accuracy 0.5000	
Evaluate: [19/157]	Batch Accuracy 0.4375	
Evaluate: [20/157]	Batch Accuracy 0.5156	
Evaluate: [21/157]	Batch Accuracy 0.6094	
Evaluate: [22/157]	Batch Accuracy 0.5156	
Evaluate: [23/157]	Batch Accuracy 0.5781	
Evaluate: [24/157]	Batch Accuracy 0.3750	
Evaluate: [25/157]	Batch Accuracy 0.4844	
Evaluate: [26/157]	Batch Accuracy 0.4531	
Evaluate: [27/157]	Batch Accuracy 0.5469	
Evaluate: [28/157]	Batch Accuracy 0.5625	
Evaluate: [29/157]	Batch Accuracy 0.5781	
Evaluate: [30/157]	Batch Accuracy 0.5312	
Evaluate: [31/157]	Batch Accuracy 0.4531	
Evaluate: [32/157]	Batch Accuracy 0.4219	
Evaluate: [33/157]	Batch Accuracy 0.4219	
Evaluate: [34/157]	Batch Accuracy 0.4844	
Evaluate: [35/157]	Batch Accuracy 0.6406	
Evaluate: [36/157]	Batch Accuracy 0.5469	
Evaluate: [37/157]	Batch Accuracy 0.4688	
Evaluate: [38/157]	Batch Accuracy 0.6094	
Evaluate: [39/157]	Batch Accuracy 0.4688	
Evaluate: [40/157]	Batch Accuracy 0.5156	
Evaluate: [41/157]	Batch Accuracy 0.4688	
Evaluate: [42/157]	Batch Accuracy 0.5625	
Evaluate: [43/157]	Batch Accuracy 0.5156	
Evaluate: [44/157]	Batch Accuracy 0.4531	
Evaluate: [45/157]	Batch Accuracy 0.5312	
Evaluate: [46/157]	Batch Accuracy 0.4375	
Evaluate: [47/157]	Batch Accuracy 0.5938	
Evaluate: [48/157]	Batch Accuracy 0.4531	
Evaluate: [49/157]	Batch Accuracy 0.5000	
Evaluate: [50/157]	Batch Accuracy 0.5938	
Evaluate: [51/157]	Batch Accuracy 0.5312	
Evaluate: [52/157]	Batch Accuracy 0.4375	
Evaluate: [53/157]	Batch Accuracy 0.5156	
Evaluate: [54/157]	Batch Accuracy 0.5312	
Evaluate: [55/157]	Batch Accuracy 0.4219	
Evaluate: [56/157]	Batch Accuracy 0.5469	
Evaluate: [57/157]	Batch Accuracy 0.5312	
Evaluate: [58/157]	Batch Accuracy 0.5000	
Evaluate: [59/157]	Batch Accuracy 0.4062	
Evaluate: [60/157]	Batch Accuracy 0.6406	
Evaluate: [61/157]	Batch Accuracy 0.5312	
Evaluate: [62/157]	Batch Accuracy 0.6406	
Evaluate: [63/157]	Batch Accuracy 0.5938	
Evaluate: [64/157]	Batch Accuracy 0.6562	
Evaluate: [65/157]	Batch Accuracy 0.5938	
Evaluate: [66/157]	Batch Accuracy 0.4531	
Evaluate: [67/157]	Batch Accuracy 0.5469	
Evaluate: [68/157]	Batch Accuracy 0.5625	
Evaluate: [69/157]	Batch Accuracy 0.5312	
Evaluate: [70/157]	Batch Accuracy 0.5469	
Evaluate: [71/157]	Batch Accuracy 0.6406	
Evaluate: [72/157]	Batch Accuracy 0.6094	
Evaluate: [73/157]	Batch Accuracy 0.6094	
Evaluate: [74/157]	Batch Accuracy 0.4844	
Evaluate: [75/157]	Batch Accuracy 0.5156	
Evaluate: [76/157]	Batch Accuracy 0.5625	
Evaluate: [77/157]	Batch Accuracy 0.5781	
Evaluate: [78/157]	Batch Accuracy 0.5938	
Evaluate: [79/157]	Batch Accuracy 0.5469	
Evaluate: [80/157]	Batch Accuracy 0.5000	
Evaluate: [81/157]	Batch Accuracy 0.5469	
Evaluate: [82/157]	Batch Accuracy 0.5156	
Evaluate: [83/157]	Batch Accuracy 0.5000	
Evaluate: [84/157]	Batch Accuracy 0.6250	
Evaluate: [85/157]	Batch Accuracy 0.6719	
Evaluate: [86/157]	Batch Accuracy 0.5469	
Evaluate: [87/157]	Batch Accuracy 0.7031	
Evaluate: [88/157]	Batch Accuracy 0.6406	
Evaluate: [89/157]	Batch Accuracy 0.5312	
Evaluate: [90/157]	Batch Accuracy 0.6719	
Evaluate: [91/157]	Batch Accuracy 0.6406	
Evaluate: [92/157]	Batch Accuracy 0.5156	
Evaluate: [93/157]	Batch Accuracy 0.4844	
Evaluate: [94/157]	Batch Accuracy 0.5625	
Evaluate: [95/157]	Batch Accuracy 0.6250	
Evaluate: [96/157]	Batch Accuracy 0.5469	
Evaluate: [97/157]	Batch Accuracy 0.6250	
Evaluate: [98/157]	Batch Accuracy 0.5938	
Evaluate: [99/157]	Batch Accuracy 0.5781	
Evaluate: [100/157]	Batch Accuracy 0.5781	
Evaluate: [101/157]	Batch Accuracy 0.6562	
Evaluate: [102/157]	Batch Accuracy 0.5000	
Evaluate: [103/157]	Batch Accuracy 0.6250	
Evaluate: [104/157]	Batch Accuracy 0.5156	
Evaluate: [105/157]	Batch Accuracy 0.4688	
Evaluate: [106/157]	Batch Accuracy 0.5312	
Evaluate: [107/157]	Batch Accuracy 0.5469	
Evaluate: [108/157]	Batch Accuracy 0.4219	
Evaluate: [109/157]	Batch Accuracy 0.5156	
Evaluate: [110/157]	Batch Accuracy 0.4531	
Evaluate: [111/157]	Batch Accuracy 0.5156	
Evaluate: [112/157]	Batch Accuracy 0.5781	
Evaluate: [113/157]	Batch Accuracy 0.5312	
Evaluate: [114/157]	Batch Accuracy 0.4844	
Evaluate: [115/157]	Batch Accuracy 0.5156	
Evaluate: [116/157]	Batch Accuracy 0.4062	
Evaluate: [117/157]	Batch Accuracy 0.4219	
Evaluate: [118/157]	Batch Accuracy 0.5625	
Evaluate: [119/157]	Batch Accuracy 0.5625	
Evaluate: [120/157]	Batch Accuracy 0.6562	
Evaluate: [121/157]	Batch Accuracy 0.6562	
Evaluate: [122/157]	Batch Accuracy 0.5312	
Evaluate: [123/157]	Batch Accuracy 0.5000	
Evaluate: [124/157]	Batch Accuracy 0.5625	
Evaluate: [125/157]	Batch Accuracy 0.5938	
Evaluate: [126/157]	Batch Accuracy 0.4531	
Evaluate: [127/157]	Batch Accuracy 0.6562	
Evaluate: [128/157]	Batch Accuracy 0.6719	
Evaluate: [129/157]	Batch Accuracy 0.6094	
Evaluate: [130/157]	Batch Accuracy 0.5312	
Evaluate: [131/157]	Batch Accuracy 0.6250	
Evaluate: [132/157]	Batch Accuracy 0.6094	
Evaluate: [133/157]	Batch Accuracy 0.7656	
Evaluate: [134/157]	Batch Accuracy 0.6875	
Evaluate: [135/157]	Batch Accuracy 0.6562	
Evaluate: [136/157]	Batch Accuracy 0.5781	
Evaluate: [137/157]	Batch Accuracy 0.5312	
Evaluate: [138/157]	Batch Accuracy 0.5000	
Evaluate: [139/157]	Batch Accuracy 0.6094	
Evaluate: [140/157]	Batch Accuracy 0.5000	
Evaluate: [141/157]	Batch Accuracy 0.4375	
Evaluate: [142/157]	Batch Accuracy 0.7031	
Evaluate: [143/157]	Batch Accuracy 0.5469	
Evaluate: [144/157]	Batch Accuracy 0.5312	
Evaluate: [145/157]	Batch Accuracy 0.6719	
Evaluate: [146/157]	Batch Accuracy 0.7031	
Evaluate: [147/157]	Batch Accuracy 0.6562	
Evaluate: [148/157]	Batch Accuracy 0.5781	
Evaluate: [149/157]	Batch Accuracy 0.5156	
Evaluate: [150/157]	Batch Accuracy 0.5156	
Evaluate: [151/157]	Batch Accuracy 0.4844	
Evaluate: [152/157]	Batch Accuracy 0.4062	
Evaluate: [153/157]	Batch Accuracy 0.4531	
Evaluate: [154/157]	Batch Accuracy 0.4219	
Evaluate: [155/157]	Batch Accuracy 0.4062	
Evaluate: [156/157]	Batch Accuracy 0.5000	
